#
# A fatal error has been detected by the Java Runtime Environment:
#
#  SIGSEGV (0xb) at pc=0x00007f0a231339eb, pid=8821, tid=139681320048384
#
# JRE version: Java(TM) SE Runtime Environment (7.0_80-b15) (build 1.7.0_80-b15)
# Java VM: Java HotSpot(TM) 64-Bit Server VM (24.80-b11 mixed mode linux-amd64 compressed oops)
# Problematic frame:
# V  [libjvm.so+0x5599eb]  STWGCTimer::register_gc_start(Ticks const&)+0xb
#
# Failed to write core dump. Core dumps have been disabled. To enable core dumping, try "ulimit -c unlimited" before starting Java again
#
# If you would like to submit a bug report, please visit:
#   http://bugreport.java.com/bugreport/crash.jsp
#

---------------  T H R E A D  ---------------

Current thread (0x00007f0a1c0f0800):  VMThread [stack: 0x00007f0a17669000,0x00007f0a1776a000] [id=8831]

siginfo:si_signo=SIGSEGV: si_errno=0, si_code=1 (SEGV_MAPERR), si_addr=0x0000000000000000

Registers:
RAX=0x0000000000000000, RBX=0x00007f0a1c01bfe0, RCX=0x0000000000000018, RDX=0x00007f0a177686c0
RSP=0x00007f0a17768310, RBP=0x00007f0a17768310, RSI=0x00007f0a177686c0, RDI=0x00007f0a23a29a60
R8 =0x0000000000000000, R9 =0x0000000000000001, R10=0x00000000559d2cb6, R11=0x0000000000000000
R12=0x00007f0a1c020780, R13=0x000000000000000a, R14=0x00007f0a23a3e0f8, R15=0x000000000000000a
RIP=0x00007f0a231339eb, EFLAGS=0x0000000000010202, CSGSFS=0x0000000000000033, ERR=0x0000000000000006
  TRAPNO=0x000000000000000e

Top of Stack: (sp=0x00007f0a17768310)
0x00007f0a17768310:   00007f0a17768750 00007f0a23464028
0x00007f0a17768320:   0000000015500000 000000000a280000
0x00007f0a17768330:   0000000000000000 000000000000000a
0x00007f0a17768340:   00007f0a1c01eb10 0000000000000000
0x00007f0a17768350:   0000000000000000 00007f0a17768570
0x00007f0a17768360:   00007f0a17768530 00007f0a17768640
0x00007f0a17768370:   00007f0a23a28250 00007f0a23a1bdb9
0x00007f0a17768380:   00007f0a17768610 00007f0a177686e0
0x00007f0a17768390:   00007f0a177685b0 00007f0a177686d0
0x00007f0a177683a0:   00007f0a1c01bfe0 000000000000000a
0x00007f0a177683b0:   00007f0a1c01edc0 00007f0a1c01ee50
0x00007f0a177683c0:   00007f0a1c020d60 00007f0a1c020780
0x00007f0a177683d0:   00000000055e2888 00000000045fb7b8
0x00007f0a177683e0:   00000000dd18e020 00007f0a1c0ee690
0x00007f0a177683f0:   000000000a280000 00007f0a1c04ee00
0x00007f0a17768400:   00007f0a1c04ee10 00007f0a1c04f1e8
0x00007f0a17768410:   00007f0a1c0ef970 00000000000003d8
0x00007f0a17768420:   00000000001fce1a 0000000000471c04
0x00007f0a17768430:   0000000000000000 00007f0a1928a9d0
0x00007f0a17768440:   00007f0a17768550 00007f0a1928a9d0
0x00007f0a17768450:   000000002770b2ae 0000000000000000
0x00007f0a17768460:   00007f0a17768760 00007f0a2347c3e6
0x00007f0a17768470:   0000000000000000 00007f0a177685f0
0x00007f0a17768480:   00007f0a17768780 00007f0a17768788
0x00007f0a17768490:   00007f0a17768778 00007f0a1c04ee20
0x00007f0a177684a0:   00007f0a1928b0f8 0000000000000000
0x00007f0a177684b0:   0000000000000000 0000000000000000
0x00007f0a177684c0:   00007f0a24655d70 00007f0a24655d74
0x00007f0a177684d0:   0000000000000000 0000000000000000
0x00007f0a177684e0:   0000000000000002 0000000000000000
0x00007f0a177684f0:   0000000000001ea6 000000000211a6a1
0x00007f0a17768500:   00007f0a24655d00 00007f0a1c08d500 

Instructions: (pc=0x00007f0a231339eb)
0x00007f0a231339cb:   fd ff ff 66 90 55 48 83 c7 28 48 89 e5 c9 e9 a2
0x00007f0a231339db:   fd ff ff 66 90 55 48 8b 47 28 48 89 f2 48 89 e5
0x00007f0a231339eb:   c7 00 00 00 00 00 c7 47 44 00 00 00 00 48 c7 47
0x00007f0a231339fb:   50 00 00 00 00 48 c7 47 48 00 00 00 00 48 c7 47 

Register to memory mapping:

RAX=0x0000000000000000 is an unknown value
RBX=0x00007f0a1c01bfe0 is an unknown value
RCX=0x0000000000000018 is an unknown value
RDX=0x00007f0a177686c0 is an unknown value
RSP=0x00007f0a17768310 is an unknown value
RBP=0x00007f0a17768310 is an unknown value
RSI=0x00007f0a177686c0 is an unknown value
RDI=0x00007f0a23a29a60: <offset 0xe4fa60> in /usr/lib/jvm/java-7-oracle/jre/lib/amd64/server/libjvm.so at 0x00007f0a22bda000
R8 =0x0000000000000000 is an unknown value
R9 =0x0000000000000001 is an unknown value
R10=0x00000000559d2cb6 is an unknown value
R11=0x0000000000000000 is an unknown value
R12=0x00007f0a1c020780 is an unknown value
R13=0x000000000000000a is an unknown value
R14=0x00007f0a23a3e0f8: <offset 0xe640f8> in /usr/lib/jvm/java-7-oracle/jre/lib/amd64/server/libjvm.so at 0x00007f0a22bda000
R15=0x000000000000000a is an unknown value


Stack: [0x00007f0a17669000,0x00007f0a1776a000],  sp=0x00007f0a17768310,  free space=1020k
Native frames: (J=compiled Java code, j=interpreted, Vv=VM code, C=native code)
V  [libjvm.so+0x5599eb]  STWGCTimer::register_gc_start(Ticks const&)+0xb
V  [libjvm.so+0x88a028]  PSScavenge::invoke_no_policy()+0x48
V  [libjvm.so+0x88b761]  PSScavenge::invoke()+0x41
V  [libjvm.so+0x843f40]  ParallelScavengeHeap::failed_mem_allocate(unsigned long)+0x70
V  [libjvm.so+0x9a4a97]  VM_ParallelGCFailedAllocation::doit()+0x97
V  [libjvm.so+0x9abf35]  VM_Operation::evaluate()+0x55
V  [libjvm.so+0x9aa2fa]  VMThread::evaluate_operation(VM_Operation*)+0xba
V  [libjvm.so+0x9aa67e]  VMThread::loop()+0x1ce
V  [libjvm.so+0x9aaaf0]  VMThread::run()+0x70
V  [libjvm.so+0x8238c8]  java_start(Thread*)+0x108

VM_Operation (0x00007f0a148fda20): ParallelGCFailedAllocation, mode: safepoint, requested by thread 0x00007f09e803c800


---------------  P R O C E S S  ---------------

Java Threads: ( => current thread )
  0x00007f09e803d800 JavaThread "Thread-13" daemon [_thread_blocked, id=9018, stack(0x00007f0a146fe000,0x00007f0a147ff000)]
  0x00007f09e803c800 JavaThread "Thread-2" [_thread_blocked, id=9017, stack(0x00007f0a147ff000,0x00007f0a14900000)]
  0x00007f09e803f000 JavaThread "Thread-0" [_thread_blocked, id=9016, stack(0x00007f0a14900000,0x00007f0a14a01000)]
  0x00007f09fc001000 JavaThread "SIGTERM handler" daemon [_thread_blocked, id=9015, stack(0x00007f0a16e5f000,0x00007f0a16f60000)]
  0x00007f09dc00b000 JavaThread "pool-2-thread-4" daemon [_thread_blocked, id=9014, stack(0x00007f0a14e05000,0x00007f0a14f06000)]
  0x00007f09d8017000 JavaThread "1408007252@qtp-723690339-7" [_thread_blocked, id=9012, stack(0x00007f0a15377000,0x00007f0a15478000)]
  0x00007f09d8016000 JavaThread "1502207342@qtp-723690339-6" [_thread_blocked, id=9011, stack(0x00007f0a14c03000,0x00007f0a14d04000)]
  0x00007f09d8019800 JavaThread "1879741291@qtp-723690339-5" [_thread_blocked, id=9010, stack(0x00007f0a14d04000,0x00007f0a14e05000)]
  0x00007f09e8018800 JavaThread "Thread-12" daemon [_thread_blocked, id=8863, stack(0x00007f0a14a01000,0x00007f0a14b02000)]
  0x00007f09e8017000 JavaThread "Thread-11" daemon [_thread_blocked, id=8862, stack(0x00007f0a14b02000,0x00007f0a14c03000)]
  0x00007f0a1c752800 JavaThread "Timer-2" daemon [_thread_blocked, id=8852, stack(0x00007f0a1571f000,0x00007f0a15820000)]
  0x00007f0a1c86c800 JavaThread "Timer-1" daemon [_thread_blocked, id=8851, stack(0x00007f0a14fbd000,0x00007f0a150be000)]
  0x00007f0a1c740000 JavaThread "550585518@qtp-723690339-1 - Acceptor0 SelectChannelConnector@127.0.0.1:8888" [_thread_in_native, id=8850, stack(0x00007f0a15276000,0x00007f0a15377000)]
  0x00007f0a1c2d1800 JavaThread "Service Thread" daemon [_thread_blocked, id=8844, stack(0x00007f0a168fb000,0x00007f0a169fc000)]
  0x00007f0a1c2cf000 JavaThread "C2 CompilerThread1" daemon [_thread_blocked, id=8843, stack(0x00007f0a169fc000,0x00007f0a16afd000)]
  0x00007f0a1c2cc000 JavaThread "C2 CompilerThread0" daemon [_thread_blocked, id=8842, stack(0x00007f0a16afd000,0x00007f0a16bfe000)]
  0x00007f0a1c130000 JavaThread "JDWP Event Helper Thread" daemon [_thread_blocked, id=8838, stack(0x00007f0a16f60000,0x00007f0a17061000)]
  0x00007f0a1c12c000 JavaThread "JDWP Transport Listener: dt_socket" daemon [_thread_in_native, id=8836, stack(0x00007f0a17061000,0x00007f0a17162000)]
  0x00007f0a1c11e800 JavaThread "Signal Dispatcher" daemon [_thread_blocked, id=8834, stack(0x00007f0a17366000,0x00007f0a17467000)]
  0x00007f0a1c0f6800 JavaThread "Finalizer" daemon [_thread_blocked, id=8833, stack(0x00007f0a17467000,0x00007f0a17568000)]
  0x00007f0a1c0f4800 JavaThread "Reference Handler" daemon [_thread_blocked, id=8832, stack(0x00007f0a17568000,0x00007f0a17669000)]
  0x00007f0a1c00e000 JavaThread "main" [_thread_blocked, id=8823, stack(0x00007f0a24558000,0x00007f0a24659000)]

Other Threads:
=>0x00007f0a1c0f0800 VMThread [stack: 0x00007f0a17669000,0x00007f0a1776a000] [id=8831]
  0x00007f0a1c2ec800 WatcherThread [stack: 0x00007f0a167fa000,0x00007f0a168fb000] [id=8845]

VM state:at safepoint (normal execution)

VM Mutex/Monitor currently owned by a thread:  ([mutex/lock_event])
[0x00007f0a1c00a340